<?xml version="1.0" encoding="UTF-8"?>
<testng-results ignored="0" total="1" passed="1" failed="0" skipped="0">
  <reporter-output>
  </reporter-output>
  <suite started-at="2025-03-10T15:47:17 IST" name="Default suite" finished-at="2025-03-10T15:47:26 IST" duration-ms="9030">
    <groups>
    </groups>
    <test started-at="2025-03-10T15:47:17 IST" name="Default test" finished-at="2025-03-10T15:47:26 IST" duration-ms="9030">
      <class name="com.qa.opencart.test.AddressPageTest">
        <test-method is-config="true" signature="setUp()[pri:0, instance:com.qa.opencart.test.AddressPageTest@351d00c0]" started-at="2025-03-10T15:47:17 IST" name="setUp" finished-at="2025-03-10T15:47:22 IST" duration-ms="4521" status="PASS">
          <reporter-output>
          </reporter-output>
        </test-method> <!-- setUp -->
        <test-method signature="ValidateSuccessMessage()[pri:0, instance:com.qa.opencart.test.AddressPageTest@351d00c0]" started-at="2025-03-10T15:47:22 IST" name="ValidateSuccessMessage" finished-at="2025-03-10T15:47:26 IST" duration-ms="4435" status="PASS">
          <reporter-output>
          </reporter-output>
        </test-method> <!-- ValidateSuccessMessage -->
        <test-method is-config="true" signature="tearDown()[pri:0, instance:com.qa.opencart.test.AddressPageTest@351d00c0]" started-at="2025-03-10T15:47:26 IST" name="tearDown" finished-at="2025-03-10T15:47:26 IST" duration-ms="53" status="PASS">
          <reporter-output>
          </reporter-output>
        </test-method> <!-- tearDown -->
      </class> <!-- com.qa.opencart.test.AddressPageTest -->
    </test> <!-- Default test -->
  </suite> <!-- Default suite -->
</testng-results>
